# JRE version: OpenJDK Runtime Environment (8.0_242) (build 1.8.0_242-release-1644-b3-6915495)
# Java VM: OpenJDK 64-Bit Server VM (25.242-b3-6915495 mixed mode bsd-amd64 compressed oops)
Heap:
 PSYoungGen      total 128512K, used 6528K [0x00000007e5d80000, 0x00000007f0380000, 0x00000007f0800000)
  eden space 92160K, 0% used [0x00000007e5d80000,0x00000007e5d80000,0x00000007eb780000)
  from space 36352K, 17% used [0x00000007ee000000,0x00000007ee660050,0x00000007f0380000)
  to   space 38912K, 0% used [0x00000007eb780000,0x00000007eb780000,0x00000007edd80000)
 ParOldGen       total 349696K, used 343209K [0x00000007d0800000, 0x00000007e5d80000, 0x00000007e5d80000)
  object space 349696K, 98% used [0x00000007d0800000,0x00000007e572a590,0x00000007e5d80000)
 Metaspace       used 132825K, capacity 144026K, committed 144168K, reserved 1173504K
  class space    used 17169K, capacity 19236K, committed 19240K, reserved 1048576K
GC Heap History (10 events):
Event: 13165.188 GC heap after
Heap after GC invocations=107 (full 5):
 PSYoungGen      total 123392K, used 6640K [0x00000007e5d80000, 0x00000007f0400000, 0x00000007f0800000)
  eden space 81408K, 0% used [0x00000007e5d80000,0x00000007e5d80000,0x00000007ead00000)
  from space 41984K, 15% used [0x00000007edb00000,0x00000007ee17c010,0x00000007f0400000)
  to   space 44544K, 0% used [0x00000007ead00000,0x00000007ead00000,0x00000007ed880000)
 ParOldGen       total 349696K, used 319054K [0x00000007d0800000, 0x00000007e5d80000, 0x00000007e5d80000)
  object space 349696K, 91% used [0x00000007d0800000,0x00000007e3f93b20,0x00000007e5d80000)
 Metaspace       used 128443K, capacity 138690K, committed 138920K, reserved 1169408K
  class space    used 16678K, capacity 18565K, committed 18600K, reserved 1048576K
}
Event: 13166.240 GC heap before
{Heap before GC invocations=108 (full 5):
 PSYoungGen      total 123392K, used 88048K [0x00000007e5d80000, 0x00000007f0400000, 0x00000007f0800000)
  eden space 81408K, 100% used [0x00000007e5d80000,0x00000007ead00000,0x00000007ead00000)
  from space 41984K, 15% used [0x00000007edb00000,0x00000007ee17c010,0x00000007f0400000)
  to   space 44544K, 0% used [0x00000007ead00000,0x00000007ead00000,0x00000007ed880000)
 ParOldGen       total 349696K, used 319054K [0x00000007d0800000, 0x00000007e5d80000, 0x00000007e5d80000)
  object space 349696K, 91% used [0x00000007d0800000,0x00000007e3f93b20,0x00000007e5d80000)
 Metaspace       used 128509K, capacity 138822K, committed 138920K, reserved 1169408K
  class space    used 16690K, capacity 18587K, committed 18600K, reserved 1048576K
Event: 13166.296 GC heap after
Heap after GC invocations=108 (full 5):
 PSYoungGen      total 125952K, used 2368K [0x00000007e5d80000, 0x00000007f0800000, 0x00000007f0800000)
  eden space 81408K, 0% used [0x00000007e5d80000,0x00000007e5d80000,0x00000007ead00000)
  from space 44544K, 5% used [0x00000007ead00000,0x00000007eaf50000,0x00000007ed880000)
  to   space 43520K, 0% used [0x00000007edd80000,0x00000007edd80000,0x00000007f0800000)
 ParOldGen       total 349696K, used 325070K [0x00000007d0800000, 0x00000007e5d80000, 0x00000007e5d80000)
  object space 349696K, 92% used [0x00000007d0800000,0x00000007e4573ae0,0x00000007e5d80000)
 Metaspace       used 128509K, capacity 138822K, committed 138920K, reserved 1169408K
  class space    used 16690K, capacity 18587K, committed 18600K, reserved 1048576K
}
Event: 16840.744 GC heap before
{Heap before GC invocations=109 (full 5):
 PSYoungGen      total 125952K, used 83775K [0x00000007e5d80000, 0x00000007f0800000, 0x00000007f0800000)
  eden space 81408K, 99% used [0x00000007e5d80000,0x00000007eacffc48,0x00000007ead00000)
  from space 44544K, 5% used [0x00000007ead00000,0x00000007eaf50000,0x00000007ed880000)
  to   space 43520K, 0% used [0x00000007edd80000,0x00000007edd80000,0x00000007f0800000)
 ParOldGen       total 349696K, used 325070K [0x00000007d0800000, 0x00000007e5d80000, 0x00000007e5d80000)
  object space 349696K, 92% used [0x00000007d0800000,0x00000007e4573ae0,0x00000007e5d80000)
 Metaspace       used 128694K, capacity 139110K, committed 139304K, reserved 1169408K
  class space    used 16715K, capacity 18641K, committed 18728K, reserved 1048576K
Event: 16840.967 GC heap after
Heap after GC invocations=109 (full 5):
 PSYoungGen      total 125952K, used 3830K [0x00000007e5d80000, 0x00000007f0400000, 0x00000007f0800000)
  eden space 86528K, 0% used [0x00000007e5d80000,0x00000007e5d80000,0x00000007eb200000)
  from space 39424K, 9% used [0x00000007edd80000,0x00000007ee13da18,0x00000007f0400000)
  to   space 41984K, 0% used [0x00000007eb200000,0x00000007eb200000,0x00000007edb00000)
 ParOldGen       total 349696K, used 326630K [0x00000007d0800000, 0x00000007e5d80000, 0x00000007e5d80000)
  object space 349696K, 93% used [0x00000007d0800000,0x00000007e46f9b00,0x00000007e5d80000)
 Metaspace       used 128694K, capacity 139110K, committed 139304K, reserved 1169408K
  class space    used 16715K, capacity 18641K, committed 18728K, reserved 1048576K
}
Event: 16844.209 GC heap before
{Heap before GC invocations=110 (full 5):
 PSYoungGen      total 125952K, used 90358K [0x00000007e5d80000, 0x00000007f0400000, 0x00000007f0800000)
  eden space 86528K, 100% used [0x00000007e5d80000,0x00000007eb200000,0x00000007eb200000)
  from space 39424K, 9% used [0x00000007edd80000,0x00000007ee13da18,0x00000007f0400000)
  to   space 41984K, 0% used [0x00000007eb200000,0x00000007eb200000,0x00000007edb00000)
 ParOldGen       total 349696K, used 326630K [0x00000007d0800000, 0x00000007e5d80000, 0x00000007e5d80000)
  object space 349696K, 93% used [0x00000007d0800000,0x00000007e46f9b00,0x00000007e5d80000)
 Metaspace       used 132545K, capacity 143596K, committed 143656K, reserved 1173504K
  class space    used 17135K, capacity 19205K, committed 19240K, reserved 1048576K
Event: 16844.485 GC heap after
Heap after GC invocations=110 (full 5):
 PSYoungGen      total 128512K, used 15762K [0x00000007e5d80000, 0x00000007f0780000, 0x00000007f0800000)
  eden space 86528K, 0% used [0x00000007e5d80000,0x00000007e5d80000,0x00000007eb200000)
  from space 41984K, 37% used [0x00000007eb200000,0x00000007ec164aa8,0x00000007edb00000)
  to   space 40448K, 0% used [0x00000007ee000000,0x00000007ee000000,0x00000007f0780000)
 ParOldGen       total 349696K, used 330005K [0x00000007d0800000, 0x00000007e5d80000, 0x00000007e5d80000)
  object space 349696K, 94% used [0x00000007d0800000,0x00000007e4a45450,0x00000007e5d80000)
 Metaspace       used 132545K, capacity 143596K, committed 143656K, reserved 1173504K
  class space    used 17135K, capacity 19205K, committed 19240K, reserved 1048576K
}
Event: 16847.275 GC heap before
{Heap before GC invocations=111 (full 5):
 PSYoungGen      total 128512K, used 102290K [0x00000007e5d80000, 0x00000007f0780000, 0x00000007f0800000)
  eden space 86528K, 100% used [0x00000007e5d80000,0x00000007eb200000,0x00000007eb200000)
  from space 41984K, 37% used [0x00000007eb200000,0x00000007ec164aa8,0x00000007edb00000)
  to   space 40448K, 0% used [0x00000007ee000000,0x00000007ee000000,0x00000007f0780000)
 ParOldGen       total 349696K, used 330005K [0x00000007d0800000, 0x00000007e5d80000, 0x00000007e5d80000)
  object space 349696K, 94% used [0x00000007d0800000,0x00000007e4a45450,0x00000007e5d80000)
 Metaspace       used 132825K, capacity 144026K, committed 144168K, reserved 1173504K
  class space    used 17169K, capacity 19236K, committed 19240K, reserved 1048576K
Event: 16847.648 GC heap after
Heap after GC invocations=111 (full 5):
 PSYoungGen      total 128512K, used 6528K [0x00000007e5d80000, 0x00000007f0380000, 0x00000007f0800000)
  eden space 92160K, 0% used [0x00000007e5d80000,0x00000007e5d80000,0x00000007eb780000)
  from space 36352K, 17% used [0x00000007ee000000,0x00000007ee660050,0x00000007f0380000)
  to   space 38912K, 0% used [0x00000007eb780000,0x00000007eb780000,0x00000007edd80000)
 ParOldGen       total 349696K, used 343209K [0x00000007d0800000, 0x00000007e5d80000, 0x00000007e5d80000)
  object space 349696K, 98% used [0x00000007d0800000,0x00000007e572a590,0x00000007e5d80000)
 Metaspace       used 132825K, capacity 144026K, committed 144168K, reserved 1173504K
  class space    used 17169K, capacity 19236K, committed 19240K, reserved 1048576K
}
Event: 16847.648 GC heap before
{Heap before GC invocations=112 (full 6):
 PSYoungGen      total 128512K, used 6528K [0x00000007e5d80000, 0x00000007f0380000, 0x00000007f0800000)
  eden space 92160K, 0% used [0x00000007e5d80000,0x00000007e5d80000,0x00000007eb780000)
  from space 36352K, 17% used [0x00000007ee000000,0x00000007ee660050,0x00000007f0380000)
  to   space 38912K, 0% used [0x00000007eb780000,0x00000007eb780000,0x00000007edd80000)
 ParOldGen       total 349696K, used 343209K [0x00000007d0800000, 0x00000007e5d80000, 0x00000007e5d80000)
  object space 349696K, 98% used [0x00000007d0800000,0x00000007e572a590,0x00000007e5d80000)
 Metaspace       used 132825K, capacity 144026K, committed 144168K, reserved 1173504K
  class space    used 17169K, capacity 19236K, committed 19240K, reserved 1048576K

